            --------------------------------------------------------
                             AMBER SQM VERSION 19
 
                                     By
              Ross C. Walker, Michael F. Crowley, Scott Brozell,
                         Tim Giese, Andreas W. Goetz,
                        Tai-Sung Lee and David A. Case
 
            --------------------------------------------------------
 

--------------------------------------------------------------------------------
  QM CALCULATION INFO
--------------------------------------------------------------------------------

| QMMM: Citation for AMBER QMMM Run:
| QMMM: R.C. Walker, M.F. Crowley and D.A. Case, J. COMP. CHEM. 29:1019, 2008

QMMM: SINGLET STATE CALCULATION
QMMM: RHF CALCULATION, NO. OF DOUBLY OCCUPIED LEVELS =108

| QMMM: *** Selected Hamiltonian *** 
| QMMM: AM1         

| QMMM: *** Parameter sets in use ***
| QMMM: C : M.J.S.DEWAR et al. JACS, 107, 3902, (1985)
| QMMM: N : M.J.S.DEWAR et al. JACS, 107, 3902, (1985)
| QMMM: O : M.J.S.DEWAR et al. JACS, 107, 3902, (1985)
| QMMM: H : M.J.S.DEWAR et al. JACS, 107, 3902, (1985)

| QMMM: *** SCF convergence criteria ***
| QMMM: Energy change                :  0.1D-09 kcal/mol
| QMMM: Error matrix |FP-PF|         :  0.1D+00 au
| QMMM: Density matrix change        :  0.5D-06
| QMMM: Maximum number of SCF cycles :     1000

| QMMM: *** Diagonalization Routine Information ***
| QMMM: Pseudo diagonalizations are allowed.
| QMMM: Auto diagonalization routine selection is in use.
| QMMM:
| QMMM: Timing diagonalization routines:
| QMMM:                              norbs =      202
| QMMM:    diag iterations used for timing =        4
| QMMM:
| QMMM:              Internal diag routine = 0.044985 seconds
| QMMM:                 Dspev diag routine = 0.043062 seconds
| QMMM:                Dspevd diag routine = 0.033334 seconds
| QMMM:                Dspevx diag routine = 0.135767 seconds
| QMMM:                 Dsyev diag routine = 0.044299 seconds
| QMMM:                Dsyevd diag routine = 0.033105 seconds
| QMMM:                Dsyevr diag routine = 0.034215 seconds
| QMMM:
| QMMM:                Pseudo diag routine = 0.022974 seconds
| QMMM:
| QMMM: Using dsyevd routine (diag_routine=6).

  QMMM: QM Region Cartesian Coordinates (*=link atom) 
  QMMM: QM_NO.   MM_NO.  ATOM         X         Y         Z
  QMMM:     1        1      C       -0.3330  -15.9610    2.0210
  QMMM:     2        2      C        6.4310   -8.9940    3.8170
  QMMM:     3        3      C        6.6130  -13.8530   10.0790
  QMMM:     4        4      C        0.5690  -18.1150    7.0600
  QMMM:     5        5      N        2.2770  -13.9900    3.8970
  QMMM:     6        6      C       -1.8260  -15.7740    2.1530
  QMMM:     7        7      C        7.4380   -8.5240    2.8420
  QMMM:     8        8      C        7.8880  -14.4770   10.2340
  QMMM:     9        9      C        1.2140  -19.3870    6.6040
  QMMM:    10       10      N        4.3060  -11.9950    4.3830
  QMMM:    11       11      C       -2.5700  -16.9070    1.4610
  QMMM:    12       12      C        0.2040  -20.5060    6.5660
  QMMM:    13       13      N        2.8540  -15.2060    6.4610
  QMMM:    14       14      C        1.1490  -15.9720    4.8410
  QMMM:    15       15      C        2.9110  -12.1620    2.3730
  QMMM:    16       16      C        5.9970  -11.2410    5.9830
  QMMM:    17       17      C        4.3150  -15.0530    8.4370
  QMMM:    18       18      C        0.7740  -13.4120    0.4740
  QMMM:    19       19      C        4.4770   -9.5670    1.4820
  QMMM:    20       20      C        7.7890  -11.4070    8.5730
  QMMM:    21       21      C        2.6720  -17.5440    9.4040
  QMMM:    22       22      C        1.3640  -15.0270    3.8280
  QMMM:    23       23      C        3.8920  -11.5540    3.1470
  QMMM:    24       24      C        5.8330  -12.1990    6.9590
  QMMM:    25       25      C        3.2840  -15.6300    7.6940
  QMMM:    26       26      O       -2.7630  -16.8080    0.2330
  QMMM:    27       27      O       -0.4230  -20.7040    5.5010
  QMMM:    28       28      C        0.6740  -14.9830    2.5660
  QMMM:    29       29      C        4.6240  -10.3750    2.7660
  QMMM:    30       30      C        6.6320  -12.3050    8.1570
  QMMM:    31       31      C        2.5090  -16.7770    8.1010
  QMMM:    32       32      O       -2.9470  -17.8940    2.1380
  QMMM:    33       33      O        0.0430  -21.1770    7.6120
  QMMM:    34       34      C        1.1580  -13.9190    1.8740
  QMMM:    35       35      C        5.5000  -10.1020    3.7930
  QMMM:    36       36      C        6.1550  -13.3800    8.8610
  QMMM:    37       37      C        1.6090  -17.0350    7.1060
  QMMM:    38       38      C        2.1670  -13.2940    2.7100
  QMMM:    39       39      C        5.2920  -11.1340    4.7940
  QMMM:    40       40      C        5.0780  -13.9390    8.0830
  QMMM:    41       41      C        1.8340  -16.0470    6.0650
  QMMM:    42       42      N        4.9100  -13.2110    6.9300
  QMMM:    43       43      H       -0.1080  -16.9170    2.4940
  QMMM:    44       44      H        5.6960   -8.2140    3.6190
  QMMM:    45       45      H        7.0130   -9.1680    4.7220
  QMMM:    46       46      H        6.7510  -12.9270   10.6380
  QMMM:    47       47      H        5.8760  -14.5820   10.4160
  QMMM:    48       48      H        0.1360  -18.2540    8.0510
  QMMM:    49       49      H       -0.2210  -17.8340    6.3640
  QMMM:    50       50      H       -2.1050  -14.8310    1.6830
  QMMM:    51       51      H       -2.0940  -15.7610    3.2090
  QMMM:    52       52      H        8.3690   -9.0710    2.9900
  QMMM:    53       53      H        7.0730   -8.6970    1.8300
  QMMM:    54       54      H        7.6160   -7.4590    2.9880
  QMMM:    55       55      H        8.6060  -13.7470   10.6060
  QMMM:    56       56      H       -0.1950  -15.8350    0.9470
  QMMM:    57       57      H        7.8060  -15.3000   10.9440
  QMMM:    58       58      H        8.2250  -14.8600    9.2710
  QMMM:    59       59      H        2.0070  -19.6510    7.3040
  QMMM:    60       60      H        1.6280  -19.2430    5.6060
  QMMM:    61       61      H        0.3770  -16.7200    4.6620
  QMMM:    62       62      H        2.7010  -11.7090    1.4040
  QMMM:    63       63      H        6.7630  -10.4870    6.1650
  QMMM:    64       64      H        4.5490  -15.5210    9.3930
  QMMM:    65       65      H       -0.0660  -12.7220    0.5560
  QMMM:    66       66      H        1.6240  -12.8970    0.0280
  QMMM:    67       67      H        0.4900  -14.2570   -0.1540
  QMMM:    68       68      H        3.8450   -8.6990    1.6700
  QMMM:    69       69      H        5.4590   -9.2350    1.1460
  QMMM:    70       70      H        4.0200  -10.1880    0.7120
  QMMM:    71       71      H        8.6280  -11.5580    7.8930
  QMMM:    72       72      H        7.4730  -10.3650    8.5340
  QMMM:    73       73      H        8.0960  -11.6560    9.5890
  QMMM:    74       74      H        3.3470  -16.9990   10.0640
  QMMM:    75       75      H        1.7010  -17.6510    9.8870
  QMMM:    76       76      H        3.0860  -18.5310    9.1960

--------------------------------------------------------------------------------
  RESULTS
--------------------------------------------------------------------------------

      iter         sqm energy              rms gradient
      ----    -------------------    -----------------------
xmin    10       50.9041 kcal/mol        4.0995 kcal/(mol*A)
xmin    20       43.9617 kcal/mol        2.9705 kcal/(mol*A)
xmin    30       41.2646 kcal/mol        0.3705 kcal/(mol*A)
xmin    40       40.6115 kcal/mol        0.6131 kcal/(mol*A)
xmin    50       40.2618 kcal/mol        0.2244 kcal/(mol*A)
xmin    60       40.1624 kcal/mol        0.0662 kcal/(mol*A)
xmin    70       40.0988 kcal/mol        0.1153 kcal/(mol*A)
xmin    80       40.0191 kcal/mol        0.1358 kcal/(mol*A)
xmin    90       39.9854 kcal/mol        0.0619 kcal/(mol*A)
xmin   100       39.8963 kcal/mol        0.1350 kcal/(mol*A)
xmin   110       39.7304 kcal/mol        0.0784 kcal/(mol*A)
xmin   120       39.5932 kcal/mol        0.0819 kcal/(mol*A)
xmin   130       39.5753 kcal/mol        0.0082 kcal/(mol*A)
xmin   140       39.5739 kcal/mol        0.0209 kcal/(mol*A)
xmin   150       39.5732 kcal/mol        0.0061 kcal/(mol*A)
xmin   160       39.5730 kcal/mol        0.0057 kcal/(mol*A)
xmin   170       39.5729 kcal/mol        0.0042 kcal/(mol*A)
xmin   180       39.5729 kcal/mol        0.0020 kcal/(mol*A)
xmin   190       39.5729 kcal/mol        0.0005 kcal/(mol*A)
  ... geometry converged !
 
 Final MO eigenvalues (eV):
 -37.5119  -37.0013  -36.4396  -35.8367  -32.3317  -32.1300  -32.0624  -31.9534
 -31.3298  -30.4156  -30.2004  -29.7313  -29.3323  -28.5317  -28.1772  -27.6304
 -27.6234  -27.1573  -26.5882  -26.1979  -24.6949  -24.4894  -23.5751  -23.0853
 -22.4237  -21.3528  -20.9678  -20.3906  -20.1119  -19.3724  -19.1874  -17.7637
 -16.8303  -16.3091  -15.7706  -15.0906  -14.8509  -14.6915  -14.3795  -14.1388
 -13.7226  -13.6422  -13.0682  -12.7478  -12.7114  -12.4732  -12.3017  -12.0758
 -11.9470  -11.6752  -11.5886  -11.5453  -11.1941  -10.8996  -10.8772  -10.7684
 -10.6683  -10.5053  -10.4549  -10.3508  -10.3369  -10.2668  -10.1843   -9.9538
  -9.9241   -9.8589   -9.7913   -9.5927   -9.5221   -9.3988   -9.3436   -9.3331
  -9.1964   -9.1087   -9.0241   -9.0024   -8.8939   -8.7872   -8.7614   -8.6772
  -8.6255   -8.5399   -7.9026   -7.7775   -7.6815   -7.5758   -7.4280   -7.2739
  -7.1832   -7.1144   -7.0239   -6.4847   -6.4183   -6.3575   -6.3515   -6.2401
  -6.1669   -5.8379   -5.8034   -4.8051   -4.7353   -4.5800   -3.7313   -3.7285
  -3.4532   -3.4517   -3.2008   -3.1864    1.9194    2.7578    3.0729    3.9102
   4.6544    5.0876    5.4801    5.8973    5.9231    6.3147    6.3184    6.3894
   6.4825    6.5210    6.5863    6.6733    6.7509    6.8017    6.8227    6.8667
   6.9384    7.0374    7.0749    7.1396    7.1660    7.2512    7.2773    7.3266
   7.3433    7.3827    7.3904    7.4283    7.4404    7.4840    7.5307    7.5787
   7.6565    7.6883    7.7121    7.7465    7.8263    7.8552    7.9725    8.0440
   8.1180    8.1431    8.2473    8.2920    8.3086    8.3887    8.4900    8.5796
   8.5973    8.7608    8.8177    8.8529    8.9432    8.9693    8.9849    9.0060
   9.0656    9.0879    9.1152    9.1365    9.1619    9.1988    9.2549    9.3264
   9.5740    9.5842    9.6013    9.6484    9.7455    9.8477    9.9853    9.9917
  10.0021   10.0495   10.1037   10.1702   10.2144   10.2452   10.4177   10.4210
  10.4310   10.4589   10.4819   10.4986   10.6828   10.7803   13.8471   13.8481
  14.6811   14.6922

 Heat of formation   =         39.57288143 kcal/mol  (        1.71600891 eV)

 Total SCF energy    =    -159725.74005510 kcal/mol  (    -6926.22783293 eV)
 Electronic energy   =   -1545736.25354284 kcal/mol  (   -67028.15374627 eV)
 Core-core repulsion =    1386010.51348774 kcal/mol  (    60101.92591335 eV)
 
    Atomic Charges for Step       1 :
  Atom    Element       Mulliken Charge
     1      C                 -0.112
     2      C                 -0.098
     3      C                 -0.103
     4      C                 -0.117
     5      N                 -0.031
     6      C                 -0.219
     7      C                 -0.206
     8      C                 -0.210
     9      C                 -0.217
    10      N                  0.005
    11      C                  0.324
    12      C                  0.324
    13      N                 -0.067
    14      C                 -0.003
    15      C                  0.050
    16      C                 -0.027
    17      C                 -0.087
    18      C                 -0.187
    19      C                 -0.161
    20      C                 -0.154
    21      C                 -0.187
    22      C                 -0.063
    23      C                 -0.102
    24      C                 -0.048
    25      C                 -0.005
    26      O                 -0.598
    27      O                 -0.583
    28      C                 -0.053
    29      C                 -0.094
    30      C                 -0.124
    31      C                 -0.119
    32      O                 -0.580
    33      O                 -0.596
    34      C                 -0.141
    35      C                 -0.142
    36      C                 -0.113
    37      C                 -0.074
    38      C                 -0.053
    39      C                 -0.044
    40      C                  0.007
    41      C                 -0.004
    42      N                 -0.033
    43      H                  0.065
    44      H                  0.076
    45      H                  0.083
    46      H                  0.069
    47      H                  0.088
    48      H                  0.135
    49      H                  0.062
    50      H                  0.070
    51      H                  0.073
    52      H                  0.077
    53      H                  0.076
    54      H                  0.057
    55      H                  0.073
    56      H                  0.131
    57      H                  0.063
    58      H                  0.100
    59      H                  0.074
    60      H                  0.071
    61      H                  0.157
    62      H                  0.135
    63      H                  0.122
    64      H                  0.134
    65      H                  0.059
    66      H                  0.058
    67      H                  0.172
    68      H                  0.086
    69      H                  0.070
    70      H                  0.085
    71      H                  0.080
    72      H                  0.074
    73      H                  0.073
    74      H                  0.060
    75      H                  0.170
    76      H                  0.067
 Total Mulliken Charge =      -2.000
 
                  X        Y        Z     TOTAL  
  QM DIPOLE    -0.243  169.978  -42.452  175.200
 
 Final Structure

  QMMM: QM Region Cartesian Coordinates (*=link atom) 
  QMMM: QM_NO.   MM_NO.  ATOM         X         Y         Z
  QMMM:     1        1      C        0.1314  -16.3627    1.8111
  QMMM:     2        2      C        5.8038   -8.5551    4.2197
  QMMM:     3        3      C        7.1108  -14.2698    9.6517
  QMMM:     4        4      C        0.4687  -17.8938    7.2283
  QMMM:     5        5      N        2.0573  -13.9169    4.0046
  QMMM:     6        6      C       -1.2792  -15.9940    1.3852
  QMMM:     7        7      C        7.1365   -8.5847    3.5064
  QMMM:     8        8      C        7.5171  -15.6768    9.2770
  QMMM:     9        9      C        0.9027  -19.3474    7.2847
  QMMM:    10       10      N        4.2807  -11.9630    4.2794
  QMMM:    11       11      C       -1.5471  -16.2330   -0.1106
  QMMM:    12       12      C        0.6860  -20.0162    8.6527
  QMMM:    13       13      N        3.0854  -15.3574    6.3339
  QMMM:    14       14      C        1.4032  -16.1880    4.7323
  QMMM:    15       15      C        2.4745  -11.9381    2.5860
  QMMM:    16       16      C        6.0990  -11.2423    5.7806
  QMMM:    17       17      C        4.3164  -14.9248    8.4488
  QMMM:    18       18      C        0.9442  -13.5923    0.4612
  QMMM:    19       19      C        3.4454   -9.0389    2.0461
  QMMM:    20       20      C        8.2692  -11.7662    7.9311
  QMMM:    21       21      C        2.4364  -17.0919    9.6343
  QMMM:    22       22      C        1.4271  -15.1992    3.8092
  QMMM:    23       23      C        3.5033  -11.3511    3.2416
  QMMM:    24       24      C        5.9751  -12.1611    6.7632
  QMMM:    25       25      C        3.3743  -15.5713    7.7300
  QMMM:    26       26      O       -0.5905  -16.1273   -0.9365
  QMMM:    27       27      O        1.1112  -21.1998    8.7898
  QMMM:    28       28      C        0.8667  -15.2409    2.4165
  QMMM:    29       29      C        3.9993   -9.9553    3.0420
  QMMM:    30       30      C        7.0020  -12.4851    7.8065
  QMMM:    31       31      C        2.4264  -16.6071    8.2552
  QMMM:    32       32      O       -2.7343  -16.4961   -0.4572
  QMMM:    33       33      O        0.0997  -19.3817    9.5811
  QMMM:    34       34      C        1.2129  -14.0520    1.8223
  QMMM:    35       35      C        5.0007   -9.7577    3.9598
  QMMM:    36       36      C        6.5117  -13.5436    8.5234
  QMMM:    37       37      C        1.5922  -16.9451    7.2222
  QMMM:    38       38      C        1.9589  -13.2636    2.8530
  QMMM:    39       39      C        5.1349  -11.0442    4.7173
  QMMM:    40       40      C        5.1563  -13.8590    7.9419
  QMMM:    41       41      C        2.0414  -16.1197    6.0367
  QMMM:    42       42      N        4.8486  -13.0357    6.9500
  QMMM:    43       43      H        0.0986  -17.2287    2.5237
  QMMM:    44       44      H        5.2332   -7.6419    3.8954
  QMMM:    45       45      H        5.9783   -8.4601    5.3268
  QMMM:    46       46      H        8.0088  -13.7117   10.0334
  QMMM:    47       47      H        6.3654  -14.3129   10.4940
  QMMM:    48       48      H       -0.1730  -17.6893    8.1362
  QMMM:    49       49      H       -0.1687  -17.7222    6.3198
  QMMM:    50       50      H       -1.4770  -14.9088    1.5784
  QMMM:    51       51      H       -2.0213  -16.5842    1.9787
  QMMM:    52       52      H        7.7329   -9.4734    3.8254
  QMMM:    53       53      H        6.9893   -8.6412    2.4012
  QMMM:    54       54      H        7.7188   -7.6614    3.7416
  QMMM:    55       55      H        8.2951  -15.6636    8.4768
  QMMM:    56       56      H        0.6973  -16.6989    0.8924
  QMMM:    57       57      H        7.9312  -16.2055   10.1688
  QMMM:    58       58      H        6.6336  -16.2482    8.8987
  QMMM:    59       59      H        1.9844  -19.4515    7.0198
  QMMM:    60       60      H        0.3157  -19.9361    6.5343
  QMMM:    61       61      H        0.8753  -17.1336    4.5135
  QMMM:    62       62      H        1.9674  -11.3936    1.7686
  QMMM:    63       63      H        6.9889  -10.5916    5.7471
  QMMM:    64       64      H        4.4749  -15.2005    9.5049
  QMMM:    65       65      H        0.2808  -12.6907    0.4761
  QMMM:    66       66      H        1.8973  -13.3145   -0.0547
  QMMM:    67       67      H        0.4312  -14.4051   -0.1319
  QMMM:    68       68      H        2.3437   -8.9128    2.2034
  QMMM:    69       69      H        3.9297   -8.0328    2.1062
  QMMM:    70       70      H        3.6024   -9.4463    1.0147
  QMMM:    71       71      H        8.9005  -11.9329    7.0209
  QMMM:    72       72      H        8.0858  -10.6659    8.0282
  QMMM:    73       73      H        8.8457  -12.1088    8.8260
  QMMM:    74       74      H        2.2437  -16.2491   10.3450
  QMMM:    75       75      H        1.6437  -17.8814    9.7797
  QMMM:    76       76      H        3.4321  -17.5374    9.8842

           --------- Calculation Completed ----------

